INFO [2022-01-14 09:03:36] $x
INFO [2022-01-14 09:03:36] list(activity_id, sleep_id, steps_id, heartrate_id)
INFO [2022-01-14 09:03:36] 
INFO [2022-01-14 09:03:36] $category.names
INFO [2022-01-14 09:03:36] c("Sleep Monitor", "Steps Count", "Heart Rate Monitor")
INFO [2022-01-14 09:03:36] 
INFO [2022-01-14 09:03:36] $filename
INFO [2022-01-14 09:03:36] [1] "features_venn.png"
INFO [2022-01-14 09:03:36] 
INFO [2022-01-14 09:03:36] $output
INFO [2022-01-14 09:03:36] [1] TRUE
INFO [2022-01-14 09:03:36] 
INFO [2022-01-14 09:03:36] $imagetype
INFO [2022-01-14 09:03:36] [1] "png"
INFO [2022-01-14 09:03:36] 
INFO [2022-01-14 09:03:36] $lwd
INFO [2022-01-14 09:03:36] [1] 2
INFO [2022-01-14 09:03:36] 
INFO [2022-01-14 09:03:36] $fill
INFO [2022-01-14 09:03:36] c("lightsalmon", "mediumaquamarine", "khaki")
INFO [2022-01-14 09:03:36] 
INFO [2022-01-14 09:03:36] $cex
INFO [2022-01-14 09:03:36] [1] 1
INFO [2022-01-14 09:03:36] 
INFO [2022-01-14 09:03:36] $fontface
INFO [2022-01-14 09:03:36] [1] "bold"
INFO [2022-01-14 09:03:36] 
INFO [2022-01-14 09:03:36] $fontfamily
INFO [2022-01-14 09:03:36] [1] "sans"
INFO [2022-01-14 09:03:36] 
INFO [2022-01-14 09:03:36] $cat.cex
INFO [2022-01-14 09:03:36] [1] 0.7
INFO [2022-01-14 09:03:36] 
INFO [2022-01-14 09:03:36] $cat.fontface
INFO [2022-01-14 09:03:36] [1] "bold"
INFO [2022-01-14 09:03:36] 
INFO [2022-01-14 09:03:36] $cat.default.pos
INFO [2022-01-14 09:03:36] [1] "outer"
INFO [2022-01-14 09:03:36] 
INFO [2022-01-14 09:03:36] $cat.fontfamily
INFO [2022-01-14 09:03:36] [1] "sans"
INFO [2022-01-14 09:03:36] 
ERROR [2022-01-14 09:03:36] Unexpected parameter length for "category"
