INFO [2022-01-14 07:46:31] $x
INFO [2022-01-14 07:46:31] list(activity_id, sleep_id, calories_id, intensities_id, steps_id, 
INFO [2022-01-14 07:46:31]     heartrate_id)
INFO [2022-01-14 07:46:31] 
INFO [2022-01-14 07:46:31] $category.names
INFO [2022-01-14 07:46:31] c("Activity Monitor", "Sleep Monitor", "Calories Count", "Intensities Monitor", 
INFO [2022-01-14 07:46:31]     "Steps Count", "Heart Rate Monitor")
INFO [2022-01-14 07:46:31] 
INFO [2022-01-14 07:46:31] $filename
INFO [2022-01-14 07:46:31] [1] "features_venn.png"
INFO [2022-01-14 07:46:31] 
INFO [2022-01-14 07:46:31] $output
INFO [2022-01-14 07:46:31] [1] TRUE
INFO [2022-01-14 07:46:31] 
INFO [2022-01-14 07:46:31] $imagetype
INFO [2022-01-14 07:46:31] [1] "png"
INFO [2022-01-14 07:46:31] 
INFO [2022-01-14 07:46:31] $lwd
INFO [2022-01-14 07:46:31] [1] 2
INFO [2022-01-14 07:46:31] 
INFO [2022-01-14 07:46:31] $fill
INFO [2022-01-14 07:46:31] c("lightsalmon", "mediumaquamarine", "lightsteelblue", "lightcoral", 
INFO [2022-01-14 07:46:31]     "khaki", "moccasin")
INFO [2022-01-14 07:46:31] 
INFO [2022-01-14 07:46:31] $cex
INFO [2022-01-14 07:46:31] [1] 1
INFO [2022-01-14 07:46:31] 
INFO [2022-01-14 07:46:31] $fontface
INFO [2022-01-14 07:46:31] [1] "bold"
INFO [2022-01-14 07:46:31] 
INFO [2022-01-14 07:46:31] $fontfamily
INFO [2022-01-14 07:46:31] [1] "sans"
INFO [2022-01-14 07:46:31] 
INFO [2022-01-14 07:46:31] $cat.cex
INFO [2022-01-14 07:46:31] [1] 0.7
INFO [2022-01-14 07:46:31] 
INFO [2022-01-14 07:46:31] $cat.fontface
INFO [2022-01-14 07:46:31] [1] "bold"
INFO [2022-01-14 07:46:31] 
INFO [2022-01-14 07:46:31] $cat.default.pos
INFO [2022-01-14 07:46:31] [1] "outer"
INFO [2022-01-14 07:46:31] 
INFO [2022-01-14 07:46:31] $cat.fontfamily
INFO [2022-01-14 07:46:31] [1] "sans"
INFO [2022-01-14 07:46:31] 
