INFO [2022-01-14 07:46:56] $x
INFO [2022-01-14 07:46:56] list(activity_id, sleep_id, calories_id, intensities_id, steps_id, 
INFO [2022-01-14 07:46:56]     heartrate_id)
INFO [2022-01-14 07:46:56] 
INFO [2022-01-14 07:46:56] $category.names
INFO [2022-01-14 07:46:56] c("Activity Monitor", "Sleep Monitor", "Calories Count", "Intensities Monitor", 
INFO [2022-01-14 07:46:56]     "Steps Count", "Heart Rate Monitor")
INFO [2022-01-14 07:46:56] 
INFO [2022-01-14 07:46:56] $filename
INFO [2022-01-14 07:46:56] [1] "features_venn.png"
INFO [2022-01-14 07:46:56] 
INFO [2022-01-14 07:46:56] $output
INFO [2022-01-14 07:46:56] [1] TRUE
INFO [2022-01-14 07:46:56] 
INFO [2022-01-14 07:46:56] $imagetype
INFO [2022-01-14 07:46:56] [1] "png"
INFO [2022-01-14 07:46:56] 
INFO [2022-01-14 07:46:56] $lwd
INFO [2022-01-14 07:46:56] [1] 2
INFO [2022-01-14 07:46:56] 
INFO [2022-01-14 07:46:56] $fill
INFO [2022-01-14 07:46:56] c("lightsalmon", "mediumaquamarine", "lightsteelblue", "lightcoral", 
INFO [2022-01-14 07:46:56]     "khaki", "moccasin")
INFO [2022-01-14 07:46:56] 
INFO [2022-01-14 07:46:56] $cex
INFO [2022-01-14 07:46:56] [1] 1
INFO [2022-01-14 07:46:56] 
INFO [2022-01-14 07:46:56] $fontface
INFO [2022-01-14 07:46:56] [1] "bold"
INFO [2022-01-14 07:46:56] 
INFO [2022-01-14 07:46:56] $fontfamily
INFO [2022-01-14 07:46:56] [1] "sans"
INFO [2022-01-14 07:46:56] 
INFO [2022-01-14 07:46:56] $cat.cex
INFO [2022-01-14 07:46:56] [1] 0.7
INFO [2022-01-14 07:46:56] 
INFO [2022-01-14 07:46:56] $cat.fontface
INFO [2022-01-14 07:46:56] [1] "bold"
INFO [2022-01-14 07:46:56] 
INFO [2022-01-14 07:46:56] $cat.default.pos
INFO [2022-01-14 07:46:56] [1] "outer"
INFO [2022-01-14 07:46:56] 
INFO [2022-01-14 07:46:56] $cat.fontfamily
INFO [2022-01-14 07:46:56] [1] "sans"
INFO [2022-01-14 07:46:56] 
ERROR [2022-01-14 07:46:56] Incorrect number of elements.
