INFO [2022-01-14 07:53:39] $x
INFO [2022-01-14 07:53:39] list(activity_id, sleep_id, calories_id, intensities_id, steps_id, 
INFO [2022-01-14 07:53:39]     heartrate_id)
INFO [2022-01-14 07:53:39] 
INFO [2022-01-14 07:53:39] $category.names
INFO [2022-01-14 07:53:39] c("Activity Monitor", "Sleep Monitor", "Calories Count", "Intensities Monitor", 
INFO [2022-01-14 07:53:39]     "Steps Count", "Heart Rate Monitor")
INFO [2022-01-14 07:53:39] 
INFO [2022-01-14 07:53:39] $filename
INFO [2022-01-14 07:53:39] [1] "features_venn.png"
INFO [2022-01-14 07:53:39] 
INFO [2022-01-14 07:53:39] $output
INFO [2022-01-14 07:53:39] [1] TRUE
INFO [2022-01-14 07:53:39] 
INFO [2022-01-14 07:53:39] $imagetype
INFO [2022-01-14 07:53:39] [1] "png"
INFO [2022-01-14 07:53:39] 
INFO [2022-01-14 07:53:39] $lwd
INFO [2022-01-14 07:53:39] [1] 3
INFO [2022-01-14 07:53:39] 
INFO [2022-01-14 07:53:39] $fill
INFO [2022-01-14 07:53:39] c("lightsalmon", "mediumaquamarine", "lightsteelblue", "lightcoral", 
INFO [2022-01-14 07:53:39]     "khaki", "moccasin")
INFO [2022-01-14 07:53:39] 
INFO [2022-01-14 07:53:39] $cex
INFO [2022-01-14 07:53:39] [1] 1
INFO [2022-01-14 07:53:39] 
INFO [2022-01-14 07:53:39] $fontface
INFO [2022-01-14 07:53:39] [1] "bold"
INFO [2022-01-14 07:53:39] 
INFO [2022-01-14 07:53:39] $fontfamily
INFO [2022-01-14 07:53:39] [1] "sans"
INFO [2022-01-14 07:53:39] 
INFO [2022-01-14 07:53:39] $cat.cex
INFO [2022-01-14 07:53:39] [1] 0.7
INFO [2022-01-14 07:53:39] 
INFO [2022-01-14 07:53:39] $cat.fontface
INFO [2022-01-14 07:53:39] [1] "bold"
INFO [2022-01-14 07:53:39] 
INFO [2022-01-14 07:53:39] $cat.default.pos
INFO [2022-01-14 07:53:39] [1] "outer"
INFO [2022-01-14 07:53:39] 
INFO [2022-01-14 07:53:39] $cat.fontfamily
INFO [2022-01-14 07:53:39] [1] "sans"
INFO [2022-01-14 07:53:39] 
ERROR [2022-01-14 07:53:39] Incorrect number of elements.
