INFO [2022-01-14 07:52:21] $x
INFO [2022-01-14 07:52:21] list(activity_id, sleep_id, calories_id, intensities_id, steps_id, 
INFO [2022-01-14 07:52:21]     heartrate_id)
INFO [2022-01-14 07:52:21] 
INFO [2022-01-14 07:52:21] $category.names
INFO [2022-01-14 07:52:21] c("Activity Monitor", "Sleep Monitor", "Calories Count", "Intensities Monitor", 
INFO [2022-01-14 07:52:21]     "Steps Count", "Heart Rate Monitor")
INFO [2022-01-14 07:52:21] 
INFO [2022-01-14 07:52:21] $filename
INFO [2022-01-14 07:52:21] [1] "features_venn.png"
INFO [2022-01-14 07:52:21] 
INFO [2022-01-14 07:52:21] $output
INFO [2022-01-14 07:52:21] [1] TRUE
INFO [2022-01-14 07:52:21] 
INFO [2022-01-14 07:52:21] $imagetype
INFO [2022-01-14 07:52:21] [1] "png"
INFO [2022-01-14 07:52:21] 
INFO [2022-01-14 07:52:21] $lwd
INFO [2022-01-14 07:52:21] [1] 2
INFO [2022-01-14 07:52:21] 
INFO [2022-01-14 07:52:21] $fill
INFO [2022-01-14 07:52:21] c("lightsalmon", "mediumaquamarine", "lightsteelblue", "lightcoral", 
INFO [2022-01-14 07:52:21]     "khaki", "moccasin")
INFO [2022-01-14 07:52:21] 
INFO [2022-01-14 07:52:21] $cex
INFO [2022-01-14 07:52:21] [1] 1
INFO [2022-01-14 07:52:21] 
INFO [2022-01-14 07:52:21] $fontface
INFO [2022-01-14 07:52:21] [1] "bold"
INFO [2022-01-14 07:52:21] 
INFO [2022-01-14 07:52:21] $fontfamily
INFO [2022-01-14 07:52:21] [1] "sans"
INFO [2022-01-14 07:52:21] 
INFO [2022-01-14 07:52:21] $cat.cex
INFO [2022-01-14 07:52:21] [1] 0.7
INFO [2022-01-14 07:52:21] 
INFO [2022-01-14 07:52:21] $cat.fontface
INFO [2022-01-14 07:52:21] [1] "bold"
INFO [2022-01-14 07:52:21] 
INFO [2022-01-14 07:52:21] $cat.default.pos
INFO [2022-01-14 07:52:21] [1] "outer"
INFO [2022-01-14 07:52:21] 
INFO [2022-01-14 07:52:21] $cat.fontfamily
INFO [2022-01-14 07:52:21] [1] "sans"
INFO [2022-01-14 07:52:21] 
ERROR [2022-01-14 07:52:21] Incorrect number of elements.
