INFO [2022-01-14 07:53:52] $x
INFO [2022-01-14 07:53:52] list(activity_id, sleep_id, calories_id, intensities_id, steps_id, 
INFO [2022-01-14 07:53:52]     heartrate_id)
INFO [2022-01-14 07:53:52] 
INFO [2022-01-14 07:53:52] $category.names
INFO [2022-01-14 07:53:52] c("Activity Monitor", "Sleep Monitor", "Calories Count", "Intensities Monitor", 
INFO [2022-01-14 07:53:52]     "Steps Count", "Heart Rate Monitor")
INFO [2022-01-14 07:53:52] 
INFO [2022-01-14 07:53:52] $filename
INFO [2022-01-14 07:53:52] [1] "features_venn.png"
INFO [2022-01-14 07:53:52] 
INFO [2022-01-14 07:53:52] $output
INFO [2022-01-14 07:53:52] [1] TRUE
INFO [2022-01-14 07:53:52] 
INFO [2022-01-14 07:53:52] $imagetype
INFO [2022-01-14 07:53:52] [1] "png"
INFO [2022-01-14 07:53:52] 
INFO [2022-01-14 07:53:52] $lwd
INFO [2022-01-14 07:53:52] [1] 4
INFO [2022-01-14 07:53:52] 
INFO [2022-01-14 07:53:52] $fill
INFO [2022-01-14 07:53:52] c("lightsalmon", "mediumaquamarine", "lightsteelblue", "lightcoral", 
INFO [2022-01-14 07:53:52]     "khaki", "moccasin")
INFO [2022-01-14 07:53:52] 
INFO [2022-01-14 07:53:52] $cex
INFO [2022-01-14 07:53:52] [1] 1
INFO [2022-01-14 07:53:52] 
INFO [2022-01-14 07:53:52] $fontface
INFO [2022-01-14 07:53:52] [1] "bold"
INFO [2022-01-14 07:53:52] 
INFO [2022-01-14 07:53:52] $fontfamily
INFO [2022-01-14 07:53:52] [1] "sans"
INFO [2022-01-14 07:53:52] 
INFO [2022-01-14 07:53:52] $cat.cex
INFO [2022-01-14 07:53:52] [1] 0.7
INFO [2022-01-14 07:53:52] 
INFO [2022-01-14 07:53:52] $cat.fontface
INFO [2022-01-14 07:53:52] [1] "bold"
INFO [2022-01-14 07:53:52] 
INFO [2022-01-14 07:53:52] $cat.default.pos
INFO [2022-01-14 07:53:52] [1] "outer"
INFO [2022-01-14 07:53:52] 
INFO [2022-01-14 07:53:52] $cat.fontfamily
INFO [2022-01-14 07:53:52] [1] "sans"
INFO [2022-01-14 07:53:52] 
ERROR [2022-01-14 07:53:52] Incorrect number of elements.
